<component name="libraryTable">
  <library name="junit:junit:4.13.2" type="repository">
    <properties maven-id="junit:junit:4.13.2" />
    <CLASSES>
      <root url="jar://$USER_HOME$/$M2_REPO$/junit/junit/4.13.2/junit-4.13.2.jar!/" />
      <root url="jar://$USER_HOME$/$M2_REPO$/junit/junit/4.13.2/hamcrest-core-1.3.jar!/" />
    </CLASSES>
    <JAVADOC />
    <SOURCES />
  </library>
</component>